<?xml version="1.0" encoding="UTF-8"?>
<!-- Generated by org.testng.reporters.JUnitReportReporter -->
<testsuite name="api.StopFinder" tests="2" time="5.327" ignored="0" failures="0" timestamp="16 Oct 2018 08:21:27 GMT" skipped="0" hostname="Krupakar" errors="0">
  <testcase name="testBody" time="2.285" classname="api.StopFinder"/>
  <testcase name="responseCode" time="3.042" classname="api.StopFinder"/>
</testsuite> <!-- api.StopFinder -->
