<?xml version="1.0" encoding="UTF-8"?>
<!-- Generated by org.testng.reporters.JUnitReportReporter -->
<testsuite name="TripPlanner.TripPlannerNSW.TripPlannerCaseNow" tests="2" time="15.560" ignored="0" failures="0" timestamp="16 Oct 2018 08:21:27 GMT" skipped="0" hostname="Krupakar" errors="0">
  <testcase name="validateSearchResults" time="1.435" classname="TripPlanner.TripPlannerNSW.TripPlannerCaseNow"/>
  <testcase name="basePageNavigation" time="14.125" classname="TripPlanner.TripPlannerNSW.TripPlannerCaseNow"/>
</testsuite> <!-- TripPlanner.TripPlannerNSW.TripPlannerCaseNow -->
